Release 14.6 - xst P.68d (nt64)
Copyright (c) 1995-2013 Xilinx, Inc.  All rights reserved.
--> Parameter TMPDIR set to xst/projnav.tmp


Total REAL time to Xst completion: 0.00 secs
Total CPU time to Xst completion: 0.06 secs
 
--> Parameter xsthdpdir set to xst


Total REAL time to Xst completion: 0.00 secs
Total CPU time to Xst completion: 0.06 secs
 
--> Reading design: ledFunc.prj

TABLE OF CONTENTS
  1) Synthesis Options Summary
  2) HDL Parsing
  3) HDL Elaboration
  4) HDL Synthesis
       4.1) HDL Synthesis Report
  5) Advanced HDL Synthesis
       5.1) Advanced HDL Synthesis Report
  6) Low Level Synthesis
  7) Partition Report
  8) Design Summary
       8.1) Primitive and Black Box Usage
       8.2) Device utilization summary
       8.3) Partition Resource Summary
       8.4) Timing Report
            8.4.1) Clock Information
            8.4.2) Asynchronous Control Signals Information
            8.4.3) Timing Summary
            8.4.4) Timing Details
            8.4.5) Cross Clock Domains Report


=========================================================================
*                      Synthesis Options Summary                        *
=========================================================================
---- Source Parameters
Input File Name                    : "ledFunc.prj"
Ignore Synthesis Constraint File   : NO

---- Target Parameters
Output File Name                   : "ledFunc"
Output Format                      : NGC
Target Device                      : xc6slx16-3-csg324

---- Source Options
Top Module Name                    : ledFunc
Automatic FSM Extraction           : YES
FSM Encoding Algorithm             : Auto
Safe Implementation                : No
FSM Style                          : LUT
RAM Extraction                     : Yes
RAM Style                          : Auto
ROM Extraction                     : Yes
Shift Register Extraction          : YES
ROM Style                          : Auto
Resource Sharing                   : YES
Asynchronous To Synchronous        : NO
Shift Register Minimum Size        : 2
Use DSP Block                      : Auto
Automatic Register Balancing       : No

---- Target Options
LUT Combining                      : Auto
Reduce Control Sets                : Auto
Add IO Buffers                     : YES
Global Maximum Fanout              : 100000
Add Generic Clock Buffer(BUFG)     : 16
Register Duplication               : YES
Optimize Instantiated Primitives   : NO
Use Clock Enable                   : Auto
Use Synchronous Set                : Auto
Use Synchronous Reset              : Auto
Pack IO Registers into IOBs        : Auto
Equivalent register Removal        : YES

---- General Options
Optimization Goal                  : Speed
Optimization Effort                : 1
Power Reduction                    : NO
Keep Hierarchy                     : No
Netlist Hierarchy                  : As_Optimized
RTL Output                         : Yes
Global Optimization                : AllClockNets
Read Cores                         : YES
Write Timing Constraints           : NO
Cross Clock Analysis               : NO
Hierarchy Separator                : /
Bus Delimiter                      : <>
Case Specifier                     : Maintain
Slice Utilization Ratio            : 100
BRAM Utilization Ratio             : 100
DSP48 Utilization Ratio            : 100
Auto BRAM Packing                  : NO
Slice Utilization Ratio Delta      : 5

=========================================================================


=========================================================================
*                          HDL Parsing                                  *
=========================================================================
Analyzing Verilog file "C:\Users\physics\Desktop\NylasE243Final\ledWithWaveFunctionality\ledFunc.v" into library work
Parsing module <ledFunc>.

=========================================================================
*                            HDL Elaboration                            *
=========================================================================

Elaborating module <ledFunc>.
WARNING:HDLCompiler:413 - "C:\Users\physics\Desktop\NylasE243Final\ledWithWaveFunctionality\ledFunc.v" Line 95: Result of 27-bit expression is truncated to fit in 26-bit target.

=========================================================================
*                           HDL Synthesis                               *
=========================================================================

Synthesizing Unit <ledFunc>.
    Related source file is "C:\Users\physics\Desktop\NylasE243Final\ledWithWaveFunctionality\ledFunc.v".
    Set property "LOC = A8" for signal <Latin>.
    Set property "LOC = C4" for signal <Ain>.
    Set property "LOC = D9" for signal <Cin>.
    Set property "LOC = B8" for signal <Bin>.
    Set property "CLOCK_DEDICATED_ROUTE = FALSE" for signal <Clkin>.
    Set property "LOC = V10" for signal <Clkin>.
    Set property "LOC = L7" for signal <Clk>.
    Set property "LOC = T10" for signal <R1in>.
    Set property "LOC = T9" for signal <R2in>.
    Set property "LOC = N8" for signal <G1in>.
    Set property "LOC = U8" for signal <G2in>.
    Set property "LOC = V9" for signal <B1in>.
    Set property "LOC = M8" for signal <B2in>.
    Set property "LOC = P11" for signal <B2>.
    Set property "LOC = N10" for signal <B1>.
    Set property "LOC = T12" for signal <R1>.
    Set property "LOC = V12" for signal <R2>.
    Set property "LOC = K2" for signal <G1>.
    Set property "LOC = K1" for signal <G2>.
    Set property "LOC = H3" for signal <Lat>.
    Set property "LOC = G11" for signal <A>.
    Set property "LOC = F10" for signal <B>.
    Set property "LOC = F11" for signal <C>.
WARNING:Xst:647 - Input <R1in> is never used. This port will be preserved and left unconnected if it belongs to a top-level block or it belongs to a sub-block and the hierarchy of this sub-block is preserved.
WARNING:Xst:647 - Input <R2in> is never used. This port will be preserved and left unconnected if it belongs to a top-level block or it belongs to a sub-block and the hierarchy of this sub-block is preserved.
WARNING:Xst:647 - Input <B1in> is never used. This port will be preserved and left unconnected if it belongs to a top-level block or it belongs to a sub-block and the hierarchy of this sub-block is preserved.
WARNING:Xst:647 - Input <B2in> is never used. This port will be preserved and left unconnected if it belongs to a top-level block or it belongs to a sub-block and the hierarchy of this sub-block is preserved.
WARNING:Xst:647 - Input <Latin> is never used. This port will be preserved and left unconnected if it belongs to a top-level block or it belongs to a sub-block and the hierarchy of this sub-block is preserved.
WARNING:Xst:647 - Input <Ain> is never used. This port will be preserved and left unconnected if it belongs to a top-level block or it belongs to a sub-block and the hierarchy of this sub-block is preserved.
WARNING:Xst:647 - Input <Bin> is never used. This port will be preserved and left unconnected if it belongs to a top-level block or it belongs to a sub-block and the hierarchy of this sub-block is preserved.
WARNING:Xst:647 - Input <Cin> is never used. This port will be preserved and left unconnected if it belongs to a top-level block or it belongs to a sub-block and the hierarchy of this sub-block is preserved.
    Found 1-bit register for signal <Clk>.
    Found 1-bit register for signal <Lat>.
    Found 36-bit register for signal <ranA>.
    Found 36-bit register for signal <ranB>.
    Found 1-bit register for signal <B1>.
    Found 1-bit register for signal <R2>.
    Found 1-bit register for signal <R1>.
    Found 1-bit register for signal <B2>.
    Found 1-bit register for signal <A>.
    Found 1-bit register for signal <B>.
    Found 1-bit register for signal <C>.
    Found 26-bit register for signal <count>.
    Found 26-bit adder for signal <count[25]_GND_1_o_add_1_OUT> created at line 95.
    Found 36-bit adder for signal <ranA[35]_GND_1_o_add_4_OUT> created at line 107.
    Found 36-bit adder for signal <ranB[35]_GND_1_o_add_5_OUT> created at line 108.
    Summary:
	inferred   3 Adder/Subtractor(s).
	inferred 107 D-type flip-flop(s).
Unit <ledFunc> synthesized.

=========================================================================
HDL Synthesis Report

Macro Statistics
# Adders/Subtractors                                   : 3
 26-bit adder                                          : 1
 36-bit adder                                          : 2
# Registers                                            : 12
 1-bit register                                        : 9
 26-bit register                                       : 1
 36-bit register                                       : 2

=========================================================================

=========================================================================
*                       Advanced HDL Synthesis                          *
=========================================================================


Synthesizing (advanced) Unit <ledFunc>.
The following registers are absorbed into counter <ranB>: 1 register on signal <ranB>.
The following registers are absorbed into counter <ranA>: 1 register on signal <ranA>.
The following registers are absorbed into counter <count>: 1 register on signal <count>.
Unit <ledFunc> synthesized (advanced).

=========================================================================
Advanced HDL Synthesis Report

Macro Statistics
# Counters                                             : 3
 26-bit up counter                                     : 1
 36-bit up counter                                     : 2
# Registers                                            : 9
 Flip-Flops                                            : 9

=========================================================================

=========================================================================
*                         Low Level Synthesis                           *
=========================================================================

Optimizing unit <ledFunc> ...

Mapping all equations...
Building and optimizing final netlist ...
Found area constraint ratio of 100 (+ 5) on block ledFunc, actual ratio is 1.

Final Macro Processing ...

=========================================================================
Final Register Report

Macro Statistics
# Registers                                            : 107
 Flip-Flops                                            : 107

=========================================================================

=========================================================================
*                           Partition Report                            *
=========================================================================

Partition Implementation Status
-------------------------------

  No Partitions were found in this design.

-------------------------------

=========================================================================
*                            Design Summary                             *
=========================================================================

Top Level Output File Name         : ledFunc.ngc

Primitive and Black Box Usage:
------------------------------
# BELS                             : 417
#      GND                         : 1
#      INV                         : 5
#      LUT1                        : 95
#      LUT2                        : 77
#      LUT3                        : 3
#      LUT4                        : 6
#      LUT5                        : 3
#      LUT6                        : 32
#      MUXCY                       : 95
#      MUXF7                       : 1
#      VCC                         : 1
#      XORCY                       : 98
# FlipFlops/Latches                : 107
#      FD                          : 77
#      FDE                         : 4
#      FDR                         : 26
# Clock Buffers                    : 1
#      BUFGP                       : 1
# IO Buffers                       : 13
#      IBUF                        : 2
#      OBUF                        : 11

Device utilization summary:
---------------------------

Selected Device : 6slx16csg324-3 


Slice Logic Utilization: 
 Number of Slice Registers:             107  out of  18224     0%  
 Number of Slice LUTs:                  221  out of   9112     2%  
    Number used as Logic:               221  out of   9112     2%  

Slice Logic Distribution: 
 Number of LUT Flip Flop pairs used:    221
   Number with an unused Flip Flop:     114  out of    221    51%  
   Number with an unused LUT:             0  out of    221     0%  
   Number of fully used LUT-FF pairs:   107  out of    221    48%  
   Number of unique control sets:         4

IO Utilization: 
 Number of IOs:                          22
 Number of bonded IOBs:                  14  out of    232     6%  

Specific Feature Utilization:
 Number of BUFG/BUFGCTRLs:                1  out of     16     6%  

---------------------------
Partition Resource Summary:
---------------------------

  No Partitions were found in this design.

---------------------------


=========================================================================
Timing Report

NOTE: THESE TIMING NUMBERS ARE ONLY A SYNTHESIS ESTIMATE.
      FOR ACCURATE TIMING INFORMATION PLEASE REFER TO THE TRACE REPORT
      GENERATED AFTER PLACE-and-ROUTE.

Clock Information:
------------------
-----------------------------------+------------------------+-------+
Clock Signal                       | Clock buffer(FF name)  | Load  |
-----------------------------------+------------------------+-------+
Clkin                              | BUFGP                  | 107   |
-----------------------------------+------------------------+-------+

Asynchronous Control Signals Information:
----------------------------------------
No asynchronous control signals found in this design

Timing Summary:
---------------
Speed Grade: -3

   Minimum period: 5.090ns (Maximum Frequency: 196.458MHz)
   Minimum input arrival time before clock: No path found
   Maximum output required time after clock: 3.668ns
   Maximum combinational path delay: 4.372ns

Timing Details:
---------------
All values displayed in nanoseconds (ns)

=========================================================================
Timing constraint: Default period analysis for Clock 'Clkin'
  Clock period: 5.090ns (frequency: 196.458MHz)
  Total number of paths / destination ports: 5485 / 137
-------------------------------------------------------------------------
Delay:               5.090ns (Levels of Logic = 4)
  Source:            ranA_26 (FF)
  Destination:       A (FF)
  Source Clock:      Clkin rising
  Destination Clock: Clkin rising

  Data Path: ranA_26 to A
                                Gate     Net
    Cell:in->out      fanout   Delay   Delay  Logical Name (Net Name)
    ----------------------------------------  ------------
     FD:C->Q               2   0.447   0.981  ranA_26 (ranA_26)
     LUT6:I0->O            3   0.203   0.898  _n0103_inv14 (_n0103_inv14)
     LUT5:I1->O            7   0.203   0.774  _n0103_inv16 (_n0103_inv1)
     LUT6:I5->O           19   0.205   1.072  ranA[35]_GND_1_o_equal_18_o<35>1 (ranA[35]_GND_1_o_equal_18_o)
     LUT2:I1->O            1   0.205   0.000  ranA_0_rstpot (ranA_0_rstpot)
     FD:D                      0.102          ranA_0
    ----------------------------------------
    Total                      5.090ns (1.365ns logic, 3.725ns route)
                                       (26.8% logic, 73.2% route)

=========================================================================
Timing constraint: Default OFFSET OUT AFTER for Clock 'Clkin'
  Total number of paths / destination ports: 9 / 9
-------------------------------------------------------------------------
Offset:              3.668ns (Levels of Logic = 1)
  Source:            B1 (FF)
  Destination:       B1 (PAD)
  Source Clock:      Clkin rising

  Data Path: B1 to B1
                                Gate     Net
    Cell:in->out      fanout   Delay   Delay  Logical Name (Net Name)
    ----------------------------------------  ------------
     FD:C->Q               3   0.447   0.650  B1 (B1_OBUF)
     OBUF:I->O                 2.571          B1_OBUF (B1)
    ----------------------------------------
    Total                      3.668ns (3.018ns logic, 0.650ns route)
                                       (82.3% logic, 17.7% route)

=========================================================================
Timing constraint: Default path analysis
  Total number of paths / destination ports: 2 / 2
-------------------------------------------------------------------------
Delay:               4.372ns (Levels of Logic = 2)
  Source:            G1in (PAD)
  Destination:       G1 (PAD)

  Data Path: G1in to G1
                                Gate     Net
    Cell:in->out      fanout   Delay   Delay  Logical Name (Net Name)
    ----------------------------------------  ------------
     IBUF:I->O             1   1.222   0.579  G1in_IBUF (G1_OBUF)
     OBUF:I->O                 2.571          G1_OBUF (G1)
    ----------------------------------------
    Total                      4.372ns (3.793ns logic, 0.579ns route)
                                       (86.8% logic, 13.2% route)

=========================================================================

Cross Clock Domains Report:
--------------------------

Clock to Setup on destination clock Clkin
---------------+---------+---------+---------+---------+
               | Src:Rise| Src:Fall| Src:Rise| Src:Fall|
Source Clock   |Dest:Rise|Dest:Rise|Dest:Fall|Dest:Fall|
---------------+---------+---------+---------+---------+
Clkin          |    5.090|         |         |         |
---------------+---------+---------+---------+---------+

=========================================================================


Total REAL time to Xst completion: 4.00 secs
Total CPU time to Xst completion: 4.09 secs
 
--> 

Total memory usage is 283136 kilobytes

Number of errors   :    0 (   0 filtered)
Number of warnings :    9 (   0 filtered)
Number of infos    :    0 (   0 filtered)

