--------------------------------------------------------------------------------
Release 14.6 Trace  (nt64)
Copyright (c) 1995-2013 Xilinx, Inc.  All rights reserved.

C:\Xilinx\14.6\ISE_DS\ISE\bin\nt64\unwrapped\trce.exe -intstyle ise -v 3 -s 3
-n 3 -fastpaths -xml ledFunc.twx ledFunc.ncd -o ledFunc.twr ledFunc.pcf

Design file:              ledFunc.ncd
Physical constraint file: ledFunc.pcf
Device,package,speed:     xc6slx16,csg324,C,-3 (PRODUCTION 1.23 2013-06-08)
Report level:             verbose report

Environment Variable      Effect 
--------------------      ------ 
NONE                      No environment variables were set
--------------------------------------------------------------------------------

INFO:Timing:2698 - No timing constraints found, doing default enumeration.
INFO:Timing:3412 - To improve timing, see the Timing Closure User Guide (UG612).
INFO:Timing:2752 - To get complete path coverage, use the unconstrained paths 
   option. All paths that are not constrained will be reported in the 
   unconstrained paths section(s) of the report.
INFO:Timing:3339 - The clock-to-out numbers in this timing report are based on 
   a 50 Ohm transmission line loading model.  For the details of this model, 
   and for more information on accounting for different loading conditions, 
   please see the device datasheet.



Data Sheet report:
-----------------
All values displayed in nanoseconds (ns)

Clock Clkin to Pad
------------+-----------------+------------+-----------------+------------+------------------+--------+
            |Max (slowest) clk|  Process   |Min (fastest) clk|  Process   |                  | Clock  |
Destination |  (edge) to PAD  |   Corner   |  (edge) to PAD  |   Corner   |Internal Clock(s) | Phase  |
------------+-----------------+------------+-----------------+------------+------------------+--------+
A           |         7.319(R)|      SLOW  |         3.820(R)|      FAST  |Clkin_BUFGP       |   0.000|
B           |         7.050(R)|      SLOW  |         3.645(R)|      FAST  |Clkin_BUFGP       |   0.000|
B1          |         7.252(R)|      SLOW  |         3.797(R)|      FAST  |Clkin_BUFGP       |   0.000|
B2          |         7.489(R)|      SLOW  |         3.917(R)|      FAST  |Clkin_BUFGP       |   0.000|
C           |         7.271(R)|      SLOW  |         3.808(R)|      FAST  |Clkin_BUFGP       |   0.000|
Clk         |         6.545(R)|      SLOW  |         3.301(R)|      FAST  |Clkin_BUFGP       |   0.000|
Lat         |         6.714(R)|      SLOW  |         3.432(R)|      FAST  |Clkin_BUFGP       |   0.000|
R1          |         7.303(R)|      SLOW  |         3.766(R)|      FAST  |Clkin_BUFGP       |   0.000|
R2          |         7.276(R)|      SLOW  |         3.770(R)|      FAST  |Clkin_BUFGP       |   0.000|
------------+-----------------+------------+-----------------+------------+------------------+--------+

Clock to Setup on destination clock Clkin
---------------+---------+---------+---------+---------+
               | Src:Rise| Src:Fall| Src:Rise| Src:Fall|
Source Clock   |Dest:Rise|Dest:Rise|Dest:Fall|Dest:Fall|
---------------+---------+---------+---------+---------+
Clkin          |    4.363|         |         |         |
---------------+---------+---------+---------+---------+

Pad to Pad
---------------+---------------+---------+
Source Pad     |Destination Pad|  Delay  |
---------------+---------------+---------+
G1in           |G1             |    7.284|
G2in           |G2             |    7.331|
---------------+---------------+---------+


Analysis completed Mon Nov 20 05:08:21 2017 
--------------------------------------------------------------------------------

Trace Settings:
-------------------------
Trace Settings 

Peak Memory Usage: 249 MB



